<?xml version="1.0" encoding="UTF-8"?>
<!-- Generated by org.testng.reporters.JUnitReportReporter -->
<testsuite name="io.restassured.test.RestAPITest.TC_001_GetGoogleMap_API_Test" tests="1" time="0.038" ignored="0" failures="0" timestamp="04 Jan 2020 13:48:47 GMT" skipped="0" hostname="nitin" errors="0">
  <testcase name="getMapAPI" time="0.038" classname="io.restassured.test.RestAPITest.TC_001_GetGoogleMap_API_Test"/>
</testsuite> <!-- io.restassured.test.RestAPITest.TC_001_GetGoogleMap_API_Test -->
