<?xml version="1.0" encoding="UTF-8"?>
<!-- Generated by org.testng.reporters.JUnitReportReporter -->
<testsuite name="io.restassured.test.RestAPITest.TC_002_PostRequest" tests="1" time="11.889" ignored="1" failures="0" timestamp="08 Feb 2020 11:50:34 GMT" skipped="0" hostname="nitin" errors="0">
  <testcase name="user" time="11.889" classname="io.restassured.test.RestAPITest.TC_002_PostRequest"/>
  <testcase name="custRegister" classname="io.restassured.test.RestAPITest.TC_002_PostRequest">
    <skipped/>
  </testcase> <!-- custRegister -->
</testsuite> <!-- io.restassured.test.RestAPITest.TC_002_PostRequest -->
