<?xml version="1.0" encoding="UTF-8"?>
<!-- Generated by org.testng.reporters.JUnitReportReporter -->
<testsuite name="io.restassured.test.RestAPITest.TC_001_GetGoogleMap_API_Test" tests="1" time="12.389" ignored="0" failures="0" timestamp="05 Jan 2020 13:36:57 GMT" skipped="0" hostname="nitin" errors="0">
  <testcase name="homoSearch" time="12.389" classname="io.restassured.test.RestAPITest.TC_001_GetGoogleMap_API_Test"/>
</testsuite> <!-- io.restassured.test.RestAPITest.TC_001_GetGoogleMap_API_Test -->
