<?xml version="1.0" encoding="UTF-8"?>
<!-- Generated by org.testng.reporters.JUnitReportReporter -->
<testsuite name="io.restassured.test.RestAPITest.TC_001_GetGoogleMap_API_Test" tests="1" time="14.179" ignored="2" failures="0" timestamp="05 Jan 2020 10:52:42 GMT" skipped="0" hostname="nitin" errors="0">
  <testcase name="homoSearch" time="14.179" classname="io.restassured.test.RestAPITest.TC_001_GetGoogleMap_API_Test"/>
  <testcase name="getPlaceAPI" classname="io.restassured.test.RestAPITest.TC_001_GetGoogleMap_API_Test">
    <skipped/>
  </testcase> <!-- getPlaceAPI -->
  <testcase name="searchWeather" classname="io.restassured.test.RestAPITest.TC_001_GetGoogleMap_API_Test">
    <skipped/>
  </testcase> <!-- searchWeather -->
</testsuite> <!-- io.restassured.test.RestAPITest.TC_001_GetGoogleMap_API_Test -->
